<?xml version="1.0" encoding="UTF-8" standalone="no"?><testsuite errors="0" failures="0" hostname="pavlov-VirtualBox" name="default.tests" tests="4" time="0.103000"><properties><property name="java.vendor" value="Oracle Corporation"/><property name="org.eclipse.debug.ui.breakpoints.toggleFactoriesUsed" value="false"/><property name="osgi.bundles.defaultStartLevel" value="4"/><property name="sun.java.launcher" value="SUN_STANDARD"/><property name="org.osgi.supports.framework.extension" value="true"/><property name="sun.management.compiler" value="HotSpot 64-Bit Tiered Compilers"/><property name="eclipse.p2.profile" value="epp.package.modeling"/><property name="os.name" value="Linux"/><property name="sun.boot.class.path" value="/home/pavlov/Downloads/jdk1.8.0_221/jre/lib/resources.jar:/home/pavlov/Downloads/jdk1.8.0_221/jre/lib/rt.jar:/home/pavlov/Downloads/jdk1.8.0_221/jre/lib/sunrsasign.jar:/home/pavlov/Downloads/jdk1.8.0_221/jre/lib/jsse.jar:/home/pavlov/Downloads/jdk1.8.0_221/jre/lib/jce.jar:/home/pavlov/Downloads/jdk1.8.0_221/jre/lib/charsets.jar:/home/pavlov/Downloads/jdk1.8.0_221/jre/lib/jfr.jar:/home/pavlov/Downloads/jdk1.8.0_221/jre/classes"/><property name="osgi.ws" value="gtk"/><property name="java.vm.specification.vendor" value="Oracle Corporation"/><property name="ant.home" value="/home/pavlov/proj/attop/eclipse/plugins/org.apache.ant_1.10.1.v20170504-0840"/><property name="java.runtime.version" value="1.8.0_221-b11"/><property name="osgi.instance.area" value="file:/home/pavlov/proj/attop/eclipse-workspace/"/><property name="org.osgi.framework.uuid" value="13e29f2a-1db1-4403-bd23-76eeecafef49"/><property name="user.name" value="pavlov"/><property name="osgi.framework.extensions" value="reference:file:org.eclipse.osgi.compatibility.state_1.1.0.v20170516-1513.jar"/><property name="org.osgi.framework.system.packages" value="javax.accessibility,javax.activation,javax.activity,javax.annotation,javax.annotation.processing,javax.crypto,javax.crypto.interfaces,javax.crypto.spec,javax.imageio,javax.imageio.event,javax.imageio.metadata,javax.imageio.plugins.bmp,javax.imageio.plugins.jpeg,javax.imageio.spi,javax.imageio.stream,javax.jws,javax.jws.soap,javax.lang.model,javax.lang.model.element,javax.lang.model.type,javax.lang.model.util,javax.management,javax.management.loading,javax.management.modelmbean,javax.management.monitor,javax.management.openmbean,javax.management.relation,javax.management.remote,javax.management.remote.rmi,javax.management.timer,javax.naming,javax.naming.directory,javax.naming.event,javax.naming.ldap,javax.naming.spi,javax.net,javax.net.ssl,javax.print,javax.print.attribute,javax.print.attribute.standard,javax.print.event,javax.rmi,javax.rmi.CORBA,javax.rmi.ssl,javax.script,javax.security.auth,javax.security.auth.callback,javax.security.auth.kerberos,javax.security.auth.login,javax.security.auth.spi,javax.security.auth.x500,javax.security.cert,javax.security.sasl,javax.sound.midi,javax.sound.midi.spi,javax.sound.sampled,javax.sound.sampled.spi,javax.sql,javax.sql.rowset,javax.sql.rowset.serial,javax.sql.rowset.spi,javax.swing,javax.swing.border,javax.swing.colorchooser,javax.swing.event,javax.swing.filechooser,javax.swing.plaf,javax.swing.plaf.basic,javax.swing.plaf.metal,javax.swing.plaf.multi,javax.swing.plaf.nimbus,javax.swing.plaf.synth,javax.swing.table,javax.swing.text,javax.swing.text.html,javax.swing.text.html.parser,javax.swing.text.rtf,javax.swing.tree,javax.swing.undo,javax.tools,javax.transaction,javax.transaction.xa,javax.xml,javax.xml.bind,javax.xml.bind.annotation,javax.xml.bind.annotation.adapters,javax.xml.bind.attachment,javax.xml.bind.helpers,javax.xml.bind.util,javax.xml.crypto,javax.xml.crypto.dom,javax.xml.crypto.dsig,javax.xml.crypto.dsig.dom,javax.xml.crypto.dsig.keyinfo,javax.xml.crypto.dsig.spec,javax.xml.datatype,javax.xml.namespace,javax.xml.parsers,javax.xml.soap,javax.xml.stream,javax.xml.stream.events,javax.xml.stream.util,javax.xml.transform,javax.xml.transform.dom,javax.xml.transform.sax,javax.xml.transform.stax,javax.xml.transform.stream,javax.xml.validation,javax.xml.ws,javax.xml.ws.handler,javax.xml.ws.handler.soap,javax.xml.ws.http,javax.xml.ws.soap,javax.xml.ws.spi,javax.xml.ws.spi.http,javax.xml.ws.wsaddressing,javax.xml.xpath,org.ietf.jgss,org.omg.CORBA,org.omg.CORBA_2_3,org.omg.CORBA_2_3.portable,org.omg.CORBA.DynAnyPackage,org.omg.CORBA.ORBPackage,org.omg.CORBA.portable,org.omg.CORBA.TypeCodePackage,org.omg.CosNaming,org.omg.CosNaming.NamingContextExtPackage,org.omg.CosNaming.NamingContextPackage,org.omg.Dynamic,org.omg.DynamicAny,org.omg.DynamicAny.DynAnyFactoryPackage,org.omg.DynamicAny.DynAnyPackage,org.omg.IOP,org.omg.IOP.CodecFactoryPackage,org.omg.IOP.CodecPackage,org.omg.Messaging,org.omg.PortableInterceptor,org.omg.PortableInterceptor.ORBInitInfoPackage,org.omg.PortableServer,org.omg.PortableServer.CurrentPackage,org.omg.PortableServer.POAManagerPackage,org.omg.PortableServer.POAPackage,org.omg.PortableServer.portable,org.omg.PortableServer.ServantLocatorPackage,org.omg.SendingContext,org.omg.stub.java.rmi,org.w3c.dom,org.w3c.dom.bootstrap,org.w3c.dom.css,org.w3c.dom.events,org.w3c.dom.html,org.w3c.dom.ls,org.w3c.dom.ranges,org.w3c.dom.stylesheets,org.w3c.dom.traversal,org.w3c.dom.views,org.w3c.dom.xpath,org.xml.sax,org.xml.sax.ext,org.xml.sax.helpers"/><property name="eclipse.launcher" value="/home/pavlov/proj/attop/eclipse/eclipse"/><property name="org.eclipse.update.resolution_url" value=""/><property name="eclipse.launcher.name" value="Eclipse"/><property name="org.eclipse.swt.internal.deviceZoom" value="100"/><property name="org.osgi.framework.language" value="en"/><property name="osgi.frameworkClassPath" value="., file:/home/pavlov/proj/attop/eclipse/plugins/org.eclipse.osgi.compatibility.state_1.1.0.v20170516-1513.jar"/><property name="equinox.use.ds" value="true"/><property name="user.language" value="en"/><property name="org.osgi.framework.processor" value="x86-64"/><property name="org.eclipse.swt.internal.gtk.theme" value="Breeze"/><property name="osgi.compatibility.bootdelegation.default" value="true"/><property name="osgi.syspath" value="/home/pavlov/proj/attop/eclipse/plugins"/><property name="sun.boot.library.path" value="/home/pavlov/Downloads/jdk1.8.0_221/jre/lib/amd64"/><property name="org.osgi.framework.system.capabilities" value="osgi.ee; osgi.ee=&quot;OSGi/Minimum&quot;; version:List&lt;Version&gt;=&quot;1.0, 1.1, 1.2&quot;,osgi.ee; osgi.ee=&quot;JRE&quot;; version:List&lt;Version&gt;=&quot;1.0, 1.1&quot;,osgi.ee; osgi.ee=&quot;JavaSE&quot;; version:List&lt;Version&gt;=&quot;1.0, 1.1, 1.2, 1.3, 1.4, 1.5, 1.6, 1.7, 1.8&quot;,osgi.ee; osgi.ee=&quot;JavaSE/compact1&quot;; version:List&lt;Version&gt;=&quot;1.8&quot;,osgi.ee; osgi.ee=&quot;JavaSE/compact2&quot;; version:List&lt;Version&gt;=&quot;1.8&quot;,osgi.ee; osgi.ee=&quot;JavaSE/compact3&quot;; version:List&lt;Version&gt;=&quot;1.8&quot;"/><property name="osgi.compatibility.bootdelegation" value="true"/><property name="java.version" value="1.8.0_221"/><property name="org.osgi.framework.os.name" value="Linux"/><property name="user.timezone" value="Europe/Amsterdam"/><property name="sun.arch.data.model" value="64"/><property name="osgi.bundles" value="reference:file:org.eclipse.osgi.compatibility.state_1.1.0.v20170516-1513.jar,reference:file:org.eclipse.equinox.simpleconfigurator_1.2.1.v20180131-1435.jar@1:start"/><property name="java.endorsed.dirs" value="/home/pavlov/Downloads/jdk1.8.0_221/jre/lib/endorsed"/><property name="osgi.tracefile" value="/home/pavlov/proj/attop/eclipse-workspace/.metadata/trace.log"/><property name="eclipse.application" value="org.eclipse.ui.ide.workbench"/><property name="sun.cpu.isalist" value=""/><property name="sun.jnu.encoding" value="UTF-8"/><property name="file.encoding.pkg" value="sun.io"/><property name="equinox.init.uuid" value="true"/><property name="org.osgi.framework.vendor" value="Eclipse"/><property name="file.separator" value="/"/><property name="java.specification.name" value="Java Platform API Specification"/><property name="java.class.version" value="52.0"/><property name="user.country" value="US"/><property name="org.eclipse.equinox.launcher.splash.location" value="/home/pavlov/proj/attop/eclipse//plugins/org.eclipse.epp.package.common_4.7.3.20180405-1200/splash.bmp"/><property name="java.home" value="/home/pavlov/Downloads/jdk1.8.0_221/jre"/><property name="osgi.os" value="linux"/><property name="eclipse.commands" value="-os&#10;linux&#10;-ws&#10;gtk&#10;-arch&#10;x86_64&#10;-showsplash&#10;/home/pavlov/proj/attop/eclipse//plugins/org.eclipse.epp.package.common_4.7.3.20180405-1200/splash.bmp&#10;-launcher&#10;/home/pavlov/proj/attop/eclipse/eclipse&#10;-name&#10;Eclipse&#10;--launcher.library&#10;/home/pavlov/proj/attop/eclipse//plugins/org.eclipse.equinox.launcher.gtk.linux.x86_64_1.1.551.v20171108-1834/eclipse_1630.so&#10;-startup&#10;/home/pavlov/proj/attop/eclipse//plugins/org.eclipse.equinox.launcher_1.4.0.v20161219-1356.jar&#10;--launcher.appendVmargs&#10;-exitdata&#10;170005&#10;-product&#10;org.eclipse.epp.package.modeling.product&#10;-vm&#10;/home/pavlov/Downloads/jdk1.8.0_221/bin/java&#10;"/><property name="java.vm.info" value="mixed mode"/><property name="osgi.splashLocation" value="/home/pavlov/proj/attop/eclipse//plugins/org.eclipse.epp.package.common_4.7.3.20180405-1200/splash.bmp"/><property name="os.version" value="5.0.0-36-generic"/><property name="osgi.arch" value="x86_64"/><property name="path.separator" value=":"/><property name="java.vm.version" value="25.221-b11"/><property name="org.osgi.supports.framework.fragment" value="true"/><property name="ant.library.dir" value="/home/pavlov/proj/attop/eclipse/plugins/org.apache.ant_1.10.1.v20170504-0840/lib"/><property name="osgi.framework.shape" value="jar"/><property name="osgi.instance.area.default" value="file:/home/pavlov/eclipse-workspace/"/><property name="java.awt.printerjob" value="sun.print.PSPrinterJob"/><property name="sun.io.unicode.encoding" value="UnicodeLittle"/><property name="org.osgi.framework.version" value="1.8.0"/><property name="org.osgi.framework.storage" value="/home/pavlov/proj/attop/eclipse/configuration"/><property name="awt.toolkit" value="sun.awt.X11.XToolkit"/><property name="eclipse.stateSaveDelayInterval" value="30000"/><property name="osgi.install.area" value="file:/home/pavlov/proj/attop/eclipse/"/><property name="osgi.framework" value="file:/home/pavlov/proj/attop/eclipse/plugins/org.eclipse.osgi_3.12.100.v20180210-1608.jar"/><property name="user.home" value="/home/pavlov"/><property name="org.eclipse.equinox.simpleconfigurator.configUrl" value="file:org.eclipse.equinox.simpleconfigurator/bundles.info"/><property name="osgi.framework.useSystemProperties" value="true"/><property name="osgi.splashPath" value="platform:/base/plugins/org.eclipse.platform"/><property name="osgi.nl" value="en_US"/><property name="java.specification.vendor" value="Oracle Corporation"/><property name="java.library.path" value="/usr/java/packages/lib/amd64:/usr/lib64:/lib64:/lib:/usr/lib"/><property name="java.vendor.url" value="http://java.oracle.com/"/><property name="org.osgi.framework.os.version" value="5.0.0"/><property name="eclipse.p2.data.area" value="@config.dir/../p2/"/><property name="eclipse.startTime" value="1574066289235"/><property name="java.vm.vendor" value="Oracle Corporation"/><property name="java.runtime.name" value="Java(TM) SE Runtime Environment"/><property name="sun.java.command" value="/home/pavlov/proj/attop/eclipse//plugins/org.eclipse.equinox.launcher_1.4.0.v20161219-1356.jar -os linux -ws gtk -arch x86_64 -showsplash /home/pavlov/proj/attop/eclipse//plugins/org.eclipse.epp.package.common_4.7.3.20180405-1200/splash.bmp -launcher /home/pavlov/proj/attop/eclipse/eclipse -name Eclipse --launcher.library /home/pavlov/proj/attop/eclipse//plugins/org.eclipse.equinox.launcher.gtk.linux.x86_64_1.1.551.v20171108-1834/eclipse_1630.so -startup /home/pavlov/proj/attop/eclipse//plugins/org.eclipse.equinox.launcher_1.4.0.v20161219-1356.jar --launcher.appendVmargs -exitdata 170005 -product org.eclipse.epp.package.modeling.product -vm /home/pavlov/Downloads/jdk1.8.0_221/bin/java -vmargs -Dosgi.requiredJavaVersion=1.8 -Dosgi.instance.area.default=@user.home/eclipse-workspace -XX:+UseG1GC -XX:+UseStringDeduplication -Dosgi.requiredJavaVersion=1.8 -Xms256m -Xmx1024m -jar /home/pavlov/proj/attop/eclipse//plugins/org.eclipse.equinox.launcher_1.4.0.v20161219-1356.jar"/><property name="java.class.path" value="/home/pavlov/proj/attop/eclipse//plugins/org.eclipse.equinox.launcher_1.4.0.v20161219-1356.jar"/><property name="ds.delayed.keepInstances" value="true"/><property name="osgi.requiredJavaVersion" value="1.8"/><property name="org.eclipse.update.reconcile" value="false"/><property name="eclipse.vm" value="/home/pavlov/Downloads/jdk1.8.0_221/bin/java"/><property name="java.vm.specification.name" value="Java Virtual Machine Specification"/><property name="java.vm.specification.version" value="1.8"/><property name="sun.cpu.endian" value="little"/><property name="sun.os.patch.level" value="unknown"/><property name="gosh.args" value="--nointeractive"/><property name="java.io.tmpdir" value="/tmp"/><property name="applicationXMI" value="org.eclipse.ui.workbench/LegacyIDE.e4xmi"/><property name="java.vendor.url.bug" value="http://bugreport.sun.com/bugreport/"/><property name="eclipse.product" value="org.eclipse.epp.package.modeling.product"/><property name="eclipse.home.location" value="file:/home/pavlov/proj/attop/eclipse/"/><property name="os.arch" value="amd64"/><property name="java.awt.graphicsenv" value="sun.awt.X11GraphicsEnvironment"/><property name="java.ext.dirs" value="/home/pavlov/Downloads/jdk1.8.0_221/jre/lib/ext:/usr/java/packages/lib/ext"/><property name="user.dir" value="/home/pavlov/proj/attop/eclipse"/><property name="org.osgi.supports.framework.requirebundle" value="true"/><property name="line.separator" value="&#10;"/><property name="java.vm.name" value="Java HotSpot(TM) 64-Bit Server VM"/><property name="org.apache.commons.logging.Log" value="org.apache.commons.logging.impl.NoOpLog"/><property name="org.eclipse.swt.internal.gtk.version" value="2.24.32"/><property name="file.encoding" value="UTF-8"/><property name="eclipse.buildId" value="4.7.3.M20180330-0640"/><property name="eclipse.vmargs" value="-Dosgi.requiredJavaVersion=1.8&#10;-Dosgi.instance.area.default=@user.home/eclipse-workspace&#10;-XX:+UseG1GC&#10;-XX:+UseStringDeduplication&#10;-Dosgi.requiredJavaVersion=1.8&#10;-Xms256m&#10;-Xmx1024m&#10;-jar&#10;/home/pavlov/proj/attop/eclipse//plugins/org.eclipse.equinox.launcher_1.4.0.v20161219-1356.jar&#10;"/><property name="java.specification.version" value="1.8"/><property name="org.osgi.framework.executionenvironment" value="OSGi/Minimum-1.0,OSGi/Minimum-1.1,OSGi/Minimum-1.2,JavaSE/compact1-1.8,JavaSE/compact2-1.8,JavaSE/compact3-1.8,JRE-1.1,J2SE-1.2,J2SE-1.3,J2SE-1.4,J2SE-1.5,JavaSE-1.6,JavaSE-1.7,JavaSE-1.8"/><property name="osgi.logfile" value="/home/pavlov/proj/attop/eclipse-workspace/.metadata/.log"/><property name="osgi.configuration.area" value="file:/home/pavlov/proj/attop/eclipse/configuration/"/></properties><testcase classname="default.tests" name="integrationTest_DefaultTree" time="0.0210000"/><testcase classname="default.tests" name="HeightPerGate_DefaultTree" time="0.0110000"/><testcase classname="default.tests" name="DepthPerGate_DefaultTree" time="0.00900000"/><testcase classname="default.tests" name="DepthPerGate_DefaultTree" time="0.0100000"/><system-out>(D:O,E:O,F:O,G:O||B:O,C:O,X:O,A:O,Y:O) = s0
(D:O,E:O,F:O,G:O||B:O,C:O,X:O,A:O,Y:O) = goalState
Test integrationTest_DefaultTree {} passed [cpu: 18 ms, wallclock: 21 ms]
Test HeightPerGate_DefaultTree {} passed [cpu: 10 ms, wallclock: 11 ms]
A
Sequence {2}
B
Sequence {3}
C
Sequence {3, 4, 3}
Y
Sequence {3, 2}
Test DepthPerGate_DefaultTree {} passed [cpu: 8 ms, wallclock: 9 ms]
Test DepthPerGate_DefaultTree {} passed [cpu: 9 ms, wallclock: 10 ms]
Test root {} passed [cpu: 50 ms, wallclock: 103 ms]
</system-out><system-err/></testsuite>